[2017-01-13 00:00:02] production.INFO: Started Task Scheduler [] []
[2017-01-13 00:00:02] production.INFO: Ended Task Scheduler [] []
[2017-01-13 00:05:02] production.INFO: Started Task Scheduler [] []
[2017-01-13 00:05:02] production.INFO: Ended Task Scheduler [] []
[2017-01-13 00:10:01] production.INFO: Started Task Scheduler [] []
[2017-01-13 00:10:01] production.INFO: Ended Task Scheduler [] []
[2017-01-13 00:15:01] production.INFO: Started Task Scheduler [] []
[2017-01-13 00:15:01] production.INFO: Ended Task Scheduler [] []
[2017-01-13 00:20:01] production.INFO: Started Task Scheduler [] []
[2017-01-13 00:20:01] production.INFO: Ended Task Scheduler [] []
[2017-01-13 00:25:01] production.INFO: Started Task Scheduler [] []
[2017-01-13 00:25:01] production.INFO: Ended Task Scheduler [] []
[2017-01-13 00:30:01] production.INFO: Started Task Scheduler [] []
[2017-01-13 00:30:01] production.INFO: Ended Task Scheduler [] []
[2017-01-13 00:35:02] production.INFO: Started Task Scheduler [] []
[2017-01-13 00:35:02] production.INFO: Ended Task Scheduler [] []
[2017-01-13 00:40:02] production.INFO: Started Task Scheduler [] []
[2017-01-13 00:40:02] production.INFO: Ended Task Scheduler [] []
[2017-01-13 00:45:01] production.INFO: Started Task Scheduler [] []
[2017-01-13 00:45:01] production.INFO: Ended Task Scheduler [] []
[2017-01-13 00:50:01] production.INFO: Started Task Scheduler [] []
[2017-01-13 00:50:01] production.INFO: Ended Task Scheduler [] []
[2017-01-13 00:55:02] production.INFO: Started Task Scheduler [] []
[2017-01-13 00:55:02] production.INFO: Ended Task Scheduler [] []
[2017-01-13 01:00:02] production.INFO: Started Task Scheduler [] []
[2017-01-13 01:00:02] production.INFO: Ended Task Scheduler [] []
[2017-01-13 01:05:02] production.INFO: Started Task Scheduler [] []
[2017-01-13 01:05:02] production.INFO: Ended Task Scheduler [] []
[2017-01-13 01:10:01] production.INFO: Started Task Scheduler [] []
[2017-01-13 01:10:01] production.INFO: Ended Task Scheduler [] []
[2017-01-13 01:15:01] production.INFO: Started Task Scheduler [] []
[2017-01-13 01:15:01] production.INFO: Ended Task Scheduler [] []
[2017-01-13 01:20:01] production.INFO: Started Task Scheduler [] []
[2017-01-13 01:20:01] production.INFO: Ended Task Scheduler [] []
[2017-01-13 01:25:01] production.INFO: Started Task Scheduler [] []
[2017-01-13 01:25:01] production.INFO: Ended Task Scheduler [] []
[2017-01-13 01:30:01] production.INFO: Started Task Scheduler [] []
[2017-01-13 01:30:01] production.INFO: Ended Task Scheduler [] []
[2017-01-13 01:35:01] production.INFO: Started Task Scheduler [] []
[2017-01-13 01:35:01] production.INFO: Ended Task Scheduler [] []
[2017-01-13 01:40:01] production.INFO: Started Task Scheduler [] []
[2017-01-13 01:40:01] production.INFO: Ended Task Scheduler [] []
[2017-01-13 01:45:01] production.INFO: Started Task Scheduler [] []
[2017-01-13 01:45:01] production.INFO: Ended Task Scheduler [] []
[2017-01-13 01:50:01] production.INFO: Started Task Scheduler [] []
[2017-01-13 01:50:02] production.INFO: Ended Task Scheduler [] []
[2017-01-13 01:55:01] production.INFO: Started Task Scheduler [] []
[2017-01-13 01:55:01] production.INFO: Ended Task Scheduler [] []
[2017-01-13 02:00:01] production.INFO: Started Task Scheduler [] []
[2017-01-13 02:00:01] production.INFO: Ended Task Scheduler [] []
[2017-01-13 02:05:01] production.INFO: Started Task Scheduler [] []
[2017-01-13 02:05:01] production.INFO: Ended Task Scheduler [] []
[2017-01-13 02:10:01] production.INFO: Started Task Scheduler [] []
[2017-01-13 02:10:01] production.INFO: Ended Task Scheduler [] []
[2017-01-13 02:15:01] production.INFO: Started Task Scheduler [] []
[2017-01-13 02:15:01] production.INFO: Ended Task Scheduler [] []
[2017-01-13 02:20:01] production.INFO: Started Task Scheduler [] []
[2017-01-13 02:20:01] production.INFO: Ended Task Scheduler [] []
[2017-01-13 02:25:01] production.INFO: Started Task Scheduler [] []
[2017-01-13 02:25:01] production.INFO: Ended Task Scheduler [] []
[2017-01-13 02:30:02] production.INFO: Started Task Scheduler [] []
[2017-01-13 02:30:02] production.INFO: Ended Task Scheduler [] []
[2017-01-13 02:35:02] production.INFO: Started Task Scheduler [] []
[2017-01-13 02:35:02] production.INFO: Ended Task Scheduler [] []
[2017-01-13 02:40:01] production.INFO: Started Task Scheduler [] []
[2017-01-13 02:40:01] production.INFO: Ended Task Scheduler [] []
[2017-01-13 02:45:01] production.INFO: Started Task Scheduler [] []
[2017-01-13 02:45:01] production.INFO: Ended Task Scheduler [] []
[2017-01-13 02:50:02] production.INFO: Started Task Scheduler [] []
[2017-01-13 02:50:02] production.INFO: Ended Task Scheduler [] []
[2017-01-13 02:55:01] production.INFO: Started Task Scheduler [] []
[2017-01-13 02:55:01] production.INFO: Ended Task Scheduler [] []
[2017-01-13 03:00:01] production.INFO: Started Task Scheduler [] []
[2017-01-13 03:00:01] production.INFO: Ended Task Scheduler [] []
[2017-01-13 03:05:02] production.INFO: Started Task Scheduler [] []
[2017-01-13 03:05:02] production.INFO: Ended Task Scheduler [] []
[2017-01-13 03:10:01] production.INFO: Started Task Scheduler [] []
[2017-01-13 03:10:01] production.INFO: Ended Task Scheduler [] []
[2017-01-13 03:15:02] production.INFO: Started Task Scheduler [] []
[2017-01-13 03:15:02] production.INFO: Ended Task Scheduler [] []
[2017-01-13 03:20:01] production.INFO: Started Task Scheduler [] []
[2017-01-13 03:20:03] production.INFO: Ended Task Scheduler [] []
[2017-01-13 03:25:01] production.INFO: Started Task Scheduler [] []
[2017-01-13 03:25:01] production.INFO: Ended Task Scheduler [] []
[2017-01-13 03:30:02] production.INFO: Started Task Scheduler [] []
[2017-01-13 03:30:02] production.INFO: Ended Task Scheduler [] []
[2017-01-13 03:35:02] production.INFO: Started Task Scheduler [] []
[2017-01-13 03:35:02] production.INFO: Ended Task Scheduler [] []
[2017-01-13 03:36:01] production.INFO: LOG GENERATED BY APACHE [] []
[2017-01-13 03:38:01] production.INFO: LOG GENERATED BY APACHE [] []
[2017-01-13 03:40:01] production.INFO: Started Task Scheduler [] []
[2017-01-13 03:40:02] production.INFO: Ended Task Scheduler [] []
[2017-01-13 03:40:02] production.INFO: LOG GENERATED BY APACHE [] []
[2017-01-13 03:42:01] production.INFO: LOG GENERATED BY APACHE [] []
[2017-01-13 03:44:01] production.INFO: LOG GENERATED BY APACHE [] []
[2017-01-13 03:45:01] production.INFO: Started Task Scheduler [] []
[2017-01-13 03:45:01] production.INFO: Ended Task Scheduler [] []
[2017-01-13 03:46:02] production.INFO: LOG GENERATED BY APACHE [] []
[2017-01-13 03:48:01] production.INFO: LOG GENERATED BY APACHE [] []
[2017-01-13 03:48:08] production.INFO: activity [] []
[2017-01-13 03:48:08] production.INFO: regular_dot [] []
[2017-01-13 03:48:08] production.INFO: regular_dot [] []
[2017-01-13 03:48:52] production.INFO: activity [] []
[2017-01-13 03:48:52] production.INFO: regular_dot [] []
[2017-01-13 03:48:52] production.INFO: regular_dot [] []
[2017-01-13 03:50:01] production.INFO: LOG GENERATED BY APACHE [] []
[2017-01-13 03:50:01] production.INFO: Started Task Scheduler [] []
[2017-01-13 03:50:02] production.INFO: Ended Task Scheduler [] []
[2017-01-13 03:52:01] production.INFO: LOG GENERATED BY APACHE [] []
[2017-01-13 03:54:01] production.INFO: LOG GENERATED BY APACHE [] []
[2017-01-13 03:55:01] production.INFO: Started Task Scheduler [] []
[2017-01-13 03:55:01] production.INFO: Ended Task Scheduler [] []
[2017-01-13 03:56:02] production.INFO: LOG GENERATED BY APACHE [] []
[2017-01-13 03:58:01] production.INFO: LOG GENERATED BY APACHE [] []
[2017-01-13 03:59:55] production.INFO: activity [] []
[2017-01-13 03:59:55] production.INFO: regular_dot [] []
[2017-01-13 03:59:55] production.INFO: regular_dot [] []
[2017-01-13 04:00:01] production.INFO: Started Task Scheduler [] []
[2017-01-13 04:00:01] production.INFO: Ended Task Scheduler [] []
[2017-01-13 04:00:01] production.INFO: LOG GENERATED BY APACHE [] []
[2017-01-13 04:00:53] production.INFO: activity [] []
[2017-01-13 04:00:53] production.INFO: post_commented [] []
[2017-01-13 04:01:06] production.INFO: activity [] []
[2017-01-13 04:01:06] production.INFO: regular_dot [] []
[2017-01-13 04:01:06] production.INFO: regular_dot [] []
[2017-01-13 04:01:21] production.INFO: activity [] []
[2017-01-13 04:01:21] production.INFO: regular_dot [] []
[2017-01-13 04:01:21] production.INFO: regular_dot [] []
[2017-01-13 04:01:25] production.INFO: activity [] []
[2017-01-13 04:01:25] production.INFO: regular_dot [] []
[2017-01-13 04:01:25] production.INFO: regular_dot [] []
[2017-01-13 04:01:34] production.INFO: activity [] []
[2017-01-13 04:01:34] production.INFO: regular_dot [] []
[2017-01-13 04:01:34] production.INFO: regular_dot [] []
[2017-01-13 04:01:46] production.INFO: activity [] []
[2017-01-13 04:01:46] production.INFO: regular_dot [] []
[2017-01-13 04:01:46] production.INFO: regular_dot [] []
[2017-01-13 04:02:02] production.INFO: LOG GENERATED BY APACHE [] []
[2017-01-13 04:02:18] production.INFO: activity [] []
[2017-01-13 04:02:18] production.INFO: regular_dot [] []
[2017-01-13 04:02:18] production.INFO: regular_dot [] []
[2017-01-13 04:04:01] production.INFO: LOG GENERATED BY APACHE [] []
[2017-01-13 04:05:01] production.INFO: Started Task Scheduler [] []
[2017-01-13 04:05:01] production.INFO: Ended Task Scheduler [] []
[2017-01-13 04:06:02] production.INFO: LOG GENERATED BY APACHE [] []
[2017-01-13 04:08:01] production.INFO: LOG GENERATED BY APACHE [] []
[2017-01-13 04:10:01] production.INFO: Started Task Scheduler [] []
[2017-01-13 04:10:01] production.INFO: Ended Task Scheduler [] []
[2017-01-13 04:10:01] production.INFO: LOG GENERATED BY APACHE [] []
[2017-01-13 04:12:02] production.INFO: LOG GENERATED BY APACHE [] []
[2017-01-13 04:13:57] production.ERROR: exception 'ErrorException' with message 'Error while sending STMT_PREPARE packet. PID=13027' in /var/www/html/vendor/laravel/framework/src/Illuminate/Database/Connection.php:299
Stack trace:
#0 [internal function]: Illuminate\Exception\Handler->handleError(2, 'Error while sen...', '/var/www/html/v...', 299, Array)
#1 /var/www/html/vendor/laravel/framework/src/Illuminate/Database/Connection.php(299): PDO->prepare('SELECT image2,d...')
#2 /var/www/html/vendor/laravel/framework/src/Illuminate/Database/Connection.php(617): Illuminate\Database\Connection->Illuminate\Database\{closure}(Object(Illuminate\Database\MySqlConnection), 'SELECT image2,d...', Array)
#3 /var/www/html/vendor/laravel/framework/src/Illuminate/Database/Connection.php(581): Illuminate\Database\Connection->runQueryCallback('SELECT image2,d...', Array, Object(Closure))
#4 /var/www/html/vendor/laravel/framework/src/Illuminate/Database/Connection.php(304): Illuminate\Database\Connection->run('SELECT image2,d...', Array, Object(Closure))
#5 [internal function]: Illuminate\Database\Connection->select('SELECT image2,d...', Array)
#6 /var/www/html/vendor/laravel/framework/src/Illuminate/Database/DatabaseManager.php(321): call_user_func_array(Array, Array)
#7 /var/www/html/vendor/laravel/framework/src/Illuminate/Support/Facades/Facade.php(211): Illuminate\Database\DatabaseManager->__call('select', Array)
#8 /var/www/html/vendor/laravel/framework/src/Illuminate/Support/Facades/Facade.php(211): Illuminate\Database\DatabaseManager->select('SELECT image2,d...', Array)
#9 /var/www/html/app/controllers/TestController.php(268): Illuminate\Support\Facades\Facade::__callStatic('select', Array)
#10 /var/www/html/app/controllers/TestController.php(268): Illuminate\Support\Facades\DB::select('SELECT image2,d...', Array)
#11 /var/www/html/vendor/laravel/framework/src/Illuminate/Queue/Jobs/Job.php(96): TestController->sendTestNoti(Object(Illuminate\Queue\Jobs\SqsJob), Array)
#12 /var/www/html/vendor/laravel/framework/src/Illuminate/Queue/Jobs/SqsJob.php(49): Illuminate\Queue\Jobs\Job->resolveAndFire(Array)
#13 /var/www/html/vendor/laravel/framework/src/Illuminate/Queue/Worker.php(205): Illuminate\Queue\Jobs\SqsJob->fire()
#14 /var/www/html/vendor/laravel/framework/src/Illuminate/Queue/Worker.php(157): Illuminate\Queue\Worker->process('sqs_sdm_email', Object(Illuminate\Queue\Jobs\SqsJob), '10', 0)
#15 /var/www/html/vendor/laravel/framework/src/Illuminate/Queue/Worker.php(111): Illuminate\Queue\Worker->pop(NULL, 'https://sqs.us-...', 0, 3, '10')
#16 /var/www/html/vendor/laravel/framework/src/Illuminate/Queue/Worker.php(83): Illuminate\Queue\Worker->runNextJobForDaemon(NULL, 'https://sqs.us-...', 0, 3, '10')
#17 /var/www/html/vendor/laravel/framework/src/Illuminate/Queue/Console/WorkCommand.php(99): Illuminate\Queue\Worker->daemon(NULL, 'https://sqs.us-...', 0, 128, 3, '10')
#18 /var/www/html/vendor/laravel/framework/src/Illuminate/Queue/Console/WorkCommand.php(67): Illuminate\Queue\Console\WorkCommand->runWorker(NULL, 'https://sqs.us-...', 0, 128, true)
#19 /var/www/html/vendor/laravel/framework/src/Illuminate/Console/Command.php(112): Illuminate\Queue\Console\WorkCommand->fire()
#20 /var/www/html/vendor/symfony/console/Symfony/Component/Console/Command/Command.php(253): Illuminate\Console\Command->execute(Object(Symfony\Component\Console\Input\ArgvInput), Object(Symfony\Component\Console\Output\ConsoleOutput))
#21 /var/www/html/vendor/laravel/framework/src/Illuminate/Console/Command.php(100): Symfony\Component\Console\Command\Command->run(Object(Symfony\Component\Console\Input\ArgvInput), Object(Symfony\Component\Console\Output\ConsoleOutput))
#22 /var/www/html/vendor/symfony/console/Symfony/Component/Console/Application.php(889): Illuminate\Console\Command->run(Object(Symfony\Component\Console\Input\ArgvInput), Object(Symfony\Component\Console\Output\ConsoleOutput))
#23 /var/www/html/vendor/symfony/console/Symfony/Component/Console/Application.php(193): Symfony\Component\Console\Application->doRunCommand(Object(Illuminate\Queue\Console\WorkCommand), Object(Symfony\Component\Console\Input\ArgvInput), Object(Symfony\Component\Console\Output\ConsoleOutput))
#24 /var/www/html/vendor/symfony/console/Symfony/Component/Console/Application.php(124): Symfony\Component\Console\Application->doRun(Object(Symfony\Component\Console\Input\ArgvInput), Object(Symfony\Component\Console\Output\ConsoleOutput))
#25 /var/www/html/artisan(59): Symfony\Component\Console\Application->run()
#26 {main}

Next exception 'Illuminate\Database\QueryException' with message 'Error while sending STMT_PREPARE packet. PID=13027 (SQL: SELECT image2,dots_1,dots_2,author,report_count FROM posts WHERE pid=24962)' in /var/www/html/vendor/laravel/framework/src/Illuminate/Database/Connection.php:625
Stack trace:
#0 /var/www/html/vendor/laravel/framework/src/Illuminate/Database/Connection.php(581): Illuminate\Database\Connection->runQueryCallback('SELECT image2,d...', Array, Object(Closure))
#1 /var/www/html/vendor/laravel/framework/src/Illuminate/Database/Connection.php(304): Illuminate\Database\Connection->run('SELECT image2,d...', Array, Object(Closure))
#2 [internal function]: Illuminate\Database\Connection->select('SELECT image2,d...', Array)
#3 /var/www/html/vendor/laravel/framework/src/Illuminate/Database/DatabaseManager.php(321): call_user_func_array(Array, Array)
#4 /var/www/html/vendor/laravel/framework/src/Illuminate/Support/Facades/Facade.php(211): Illuminate\Database\DatabaseManager->__call('select', Array)
#5 /var/www/html/vendor/laravel/framework/src/Illuminate/Support/Facades/Facade.php(211): Illuminate\Database\DatabaseManager->select('SELECT image2,d...', Array)
#6 /var/www/html/app/controllers/TestController.php(268): Illuminate\Support\Facades\Facade::__callStatic('select', Array)
#7 /var/www/html/app/controllers/TestController.php(268): Illuminate\Support\Facades\DB::select('SELECT image2,d...', Array)
#8 /var/www/html/vendor/laravel/framework/src/Illuminate/Queue/Jobs/Job.php(96): TestController->sendTestNoti(Object(Illuminate\Queue\Jobs\SqsJob), Array)
#9 /var/www/html/vendor/laravel/framework/src/Illuminate/Queue/Jobs/SqsJob.php(49): Illuminate\Queue\Jobs\Job->resolveAndFire(Array)
#10 /var/www/html/vendor/laravel/framework/src/Illuminate/Queue/Worker.php(205): Illuminate\Queue\Jobs\SqsJob->fire()
#11 /var/www/html/vendor/laravel/framework/src/Illuminate/Queue/Worker.php(157): Illuminate\Queue\Worker->process('sqs_sdm_email', Object(Illuminate\Queue\Jobs\SqsJob), '10', 0)
#12 /var/www/html/vendor/laravel/framework/src/Illuminate/Queue/Worker.php(111): Illuminate\Queue\Worker->pop(NULL, 'https://sqs.us-...', 0, 3, '10')
#13 /var/www/html/vendor/laravel/framework/src/Illuminate/Queue/Worker.php(83): Illuminate\Queue\Worker->runNextJobForDaemon(NULL, 'https://sqs.us-...', 0, 3, '10')
#14 /var/www/html/vendor/laravel/framework/src/Illuminate/Queue/Console/WorkCommand.php(99): Illuminate\Queue\Worker->daemon(NULL, 'https://sqs.us-...', 0, 128, 3, '10')
#15 /var/www/html/vendor/laravel/framework/src/Illuminate/Queue/Console/WorkCommand.php(67): Illuminate\Queue\Console\WorkCommand->runWorker(NULL, 'https://sqs.us-...', 0, 128, true)
#16 /var/www/html/vendor/laravel/framework/src/Illuminate/Console/Command.php(112): Illuminate\Queue\Console\WorkCommand->fire()
#17 /var/www/html/vendor/symfony/console/Symfony/Component/Console/Command/Command.php(253): Illuminate\Console\Command->execute(Object(Symfony\Component\Console\Input\ArgvInput), Object(Symfony\Component\Console\Output\ConsoleOutput))
#18 /var/www/html/vendor/laravel/framework/src/Illuminate/Console/Command.php(100): Symfony\Component\Console\Command\Command->run(Object(Symfony\Component\Console\Input\ArgvInput), Object(Symfony\Component\Console\Output\ConsoleOutput))
#19 /var/www/html/vendor/symfony/console/Symfony/Component/Console/Application.php(889): Illuminate\Console\Command->run(Object(Symfony\Component\Console\Input\ArgvInput), Object(Symfony\Component\Console\Output\ConsoleOutput))
#20 /var/www/html/vendor/symfony/console/Symfony/Component/Console/Application.php(193): Symfony\Component\Console\Application->doRunCommand(Object(Illuminate\Queue\Console\WorkCommand), Object(Symfony\Component\Console\Input\ArgvInput), Object(Symfony\Component\Console\Output\ConsoleOutput))
#21 /var/www/html/vendor/symfony/console/Symfony/Component/Console/Application.php(124): Symfony\Component\Console\Application->doRun(Object(Symfony\Component\Console\Input\ArgvInput), Object(Symfony\Component\Console\Output\ConsoleOutput))
#22 /var/www/html/artisan(59): Symfony\Component\Console\Application->run()
#23 {main} [] []
[2017-01-13 04:14:01] production.INFO: LOG GENERATED BY APACHE [] []
